<?xml version="1.0" encoding="UTF-8"?>
<testsuite xmlns:xsi="http://www.w3.org/2001/XMLSchema-instance" xsi:noNamespaceSchemaLocation="https://maven.apache.org/surefire/maven-surefire-plugin/xsd/surefire-test-report.xsd" version="3.0.2" name="com.onlineexam.admin.OnlineExamPortalAdmin4ApplicationTests" time="3.983" tests="1" errors="0" skipped="0" failures="0">
  <properties>
[...]
</properties>
  <testcase name="contextLoads" classname="com.onlineexam.admin.OnlineExamPortalAdmin4ApplicationTests" time="0.612">
    <system-out><![CDATA[2025-06-04T09:44:36.320+05:30  INFO 29712 --- [OnlineExamPortalAdmin4] [           main] t.c.s.AnnotationConfigContextLoaderUtils : Could not detect default configuration classes for test class [com.onlineexam.admin.OnlineExamPortalAdmin4ApplicationTests]: OnlineExamPortalAdmin4ApplicationTests does not declare any static, non-private, non-final, nested classes annotated with @Configuration.
2025-06-04T09:44:36.341+05:30  INFO 29712 --- [OnlineExamPortalAdmin4] [           main] .b.t.c.SpringBootTestContextBootstrapper : Found @SpringBootConfiguration com.onlineexam.admin.OnlineExamPortalAdmin4Application for test class com.onlineexam.admin.OnlineExamPortalAdmin4ApplicationTests

  .   ____          _            __ _ _
 /\\ / ___'_ __ _ _(_)_ __  __ _ \ \ \ \
( ( )\___ | '_ | '_| | '_ \/ _` | \ \ \ \
 \\/  ___)| |_)| | | | | || (_| |  ) ) ) )
  '  |____| .__|_| |_|_| |_\__, | / / / /
 =========|_|==============|___/=/_/_/_/

 :: Spring Boot ::                (v3.5.0)

2025-06-04T09:44:36.401+05:30  INFO 29712 --- [OnlineExamPortalAdmin4] [           main] a.OnlineExamPortalAdmin4ApplicationTests : Starting OnlineExamPortalAdmin4ApplicationTests using Java 21.0.6 with PID 29712 (started by 2406371 in C:\Users\2406371\Documents\workspace-spring-tool-suite-4-4.29.1.RELEASE\OnlineExamPortalAdmin4)
2025-06-04T09:44:36.401+05:30  INFO 29712 --- [OnlineExamPortalAdmin4] [           main] a.OnlineExamPortalAdmin4ApplicationTests : No active profile set, falling back to 1 default profile: "default"
2025-06-04T09:44:36.810+05:30  INFO 29712 --- [OnlineExamPortalAdmin4] [           main] .s.d.r.c.RepositoryConfigurationDelegate : Bootstrapping Spring Data JPA repositories in DEFAULT mode.
2025-06-04T09:44:36.881+05:30  INFO 29712 --- [OnlineExamPortalAdmin4] [           main] .s.d.r.c.RepositoryConfigurationDelegate : Finished Spring Data repository scanning in 56 ms. Found 3 JPA repository interfaces.
2025-06-04T09:44:37.270+05:30  INFO 29712 --- [OnlineExamPortalAdmin4] [           main] o.hibernate.jpa.internal.util.LogHelper  : HHH000204: Processing PersistenceUnitInfo [name: default]
2025-06-04T09:44:37.355+05:30  INFO 29712 --- [OnlineExamPortalAdmin4] [           main] org.hibernate.Version                    : HHH000412: Hibernate ORM core version 6.6.15.Final
2025-06-04T09:44:37.389+05:30  INFO 29712 --- [OnlineExamPortalAdmin4] [           main] o.h.c.internal.RegionFactoryInitiator    : HHH000026: Second-level cache disabled
2025-06-04T09:44:37.753+05:30  INFO 29712 --- [OnlineExamPortalAdmin4] [           main] o.s.o.j.p.SpringPersistenceUnitInfo      : No LoadTimeWeaver setup: ignoring JPA class transformer
2025-06-04T09:44:37.790+05:30  INFO 29712 --- [OnlineExamPortalAdmin4] [           main] com.zaxxer.hikari.HikariDataSource       : HikariPool-1 - Starting...
2025-06-04T09:44:37.977+05:30  INFO 29712 --- [OnlineExamPortalAdmin4] [           main] com.zaxxer.hikari.pool.HikariPool        : HikariPool-1 - Added connection com.mysql.cj.jdbc.ConnectionImpl@2ebf524
2025-06-04T09:44:37.978+05:30  INFO 29712 --- [OnlineExamPortalAdmin4] [           main] com.zaxxer.hikari.HikariDataSource       : HikariPool-1 - Start completed.
2025-06-04T09:44:38.040+05:30  INFO 29712 --- [OnlineExamPortalAdmin4] [           main] org.hibernate.orm.connections.pooling    : HHH10001005: Database info:
	Database JDBC URL [Connecting through datasource 'HikariDataSource (HikariPool-1)']
	Database driver: undefined/unknown
	Database version: 8.0.41
	Autocommit mode: undefined/unknown
	Isolation level: undefined/unknown
	Minimum pool size: undefined/unknown
	Maximum pool size: undefined/unknown
2025-06-04T09:44:38.765+05:30  INFO 29712 --- [OnlineExamPortalAdmin4] [           main] o.h.e.t.j.p.i.JtaPlatformInitiator       : HHH000489: No JTA platform available (set 'hibernate.transaction.jta.platform' to enable JTA platform integration)
2025-06-04T09:44:38.843+05:30  INFO 29712 --- [OnlineExamPortalAdmin4] [           main] j.LocalContainerEntityManagerFactoryBean : Initialized JPA EntityManagerFactory for persistence unit 'default'
2025-06-04T09:44:39.251+05:30  WARN 29712 --- [OnlineExamPortalAdmin4] [           main] JpaBaseConfiguration$JpaWebConfiguration : spring.jpa.open-in-view is enabled by default. Therefore, database queries may be performed during view rendering. Explicitly configure spring.jpa.open-in-view to disable this warning
2025-06-04T09:44:39.668+05:30  INFO 29712 --- [OnlineExamPortalAdmin4] [           main] a.OnlineExamPortalAdmin4ApplicationTests : Started OnlineExamPortalAdmin4ApplicationTests in 3.315 seconds (process running for 6.884)
]]></system-out>
    <system-err><![CDATA[Mockito is currently self-attaching to enable the inline-mock-maker. This will no longer work in future releases of the JDK. Please add Mockito as an agent to your build as described in Mockito's documentation: https://javadoc.io/doc/org.mockito/mockito-core/latest/org.mockito/org/mockito/Mockito.html#0.3
WARNING: A Java agent has been loaded dynamically (C:\Users\2406371\.m2\repository\net\bytebuddy\byte-buddy-agent\1.17.5\byte-buddy-agent-1.17.5.jar)
WARNING: If a serviceability tool is in use, please run with -XX:+EnableDynamicAgentLoading to hide this warning
WARNING: If a serviceability tool is not in use, please run with -Djdk.instrument.traceUsage for more information
WARNING: Dynamic loading of agents will be disallowed by default in a future release
]]></system-err>
  </testcase>
</testsuite>